<?xml version="1.0" encoding="UTF-8"?>
<!-- Generated by org.testng.reporters.JUnitXMLReporter -->
<testsuite ignored="0" hostname="EC2AMAZ-CHIJMME" failures="0" tests="6" name="Default test" time="10.962" errors="0" timestamp="2024-08-02T10:07:49 UTC">
  <testcase classname="api.test.UserDDTest" name="testPostuser" time="3.393"/>
  <testcase classname="api.test.UserDDTest" name="testPostuser" time="0.995"/>
  <testcase classname="api.test.UserDDTest" name="testPostuser" time="0.971"/>
  <testcase classname="api.test.UserDDTest" name="testDeleteUserByName" time="0.998"/>
  <testcase classname="api.test.UserDDTest" name="testDeleteUserByName" time="0.954"/>
  <testcase classname="api.test.UserDDTest" name="testDeleteUserByName" time="0.982"/>
</testsuite> <!-- Default test -->
