<?xml version="1.0" encoding="UTF-8"?>
<!-- Generated by org.testng.reporters.JUnitXMLReporter -->
<testsuite ignored="0" hostname="EC2AMAZ-CHIJMME" failures="4" tests="11" name="PetTest" time="17.272" errors="0" timestamp="2024-08-07T15:12:38 UTC">
  <testcase classname="api.test.UserDDTest" name="Module1_TC01_Postuser" time="3.67"/>
  <testcase classname="api.test.UserDDTest" name="Module1_TC01_Postuser" time="0.975"/>
  <testcase classname="api.test.UserDDTest" name="Module1_TC01_Postuser" time="0.955"/>
  <testcase classname="api.test.UserDDTest" name="Module1_TC02_DeleteUserByName" time="1.01"/>
  <testcase classname="api.test.UserDDTest" name="Module1_TC02_DeleteUserByName" time="0.979">
    <failure type="java.lang.AssertionError" message="expected [200] but found [404]">
      <![CDATA[java.lang.AssertionError: expected [200] but found [404]
at api.utilities.ExtentReportManager.onTestFailure(ExtentReportManager.java:65)
at java.base/java.util.ArrayList.forEach(ArrayList.java:1511)
... Removed 28 stack frames]]>
    </failure>
  </testcase> <!-- Module1_TC02_DeleteUserByName -->
  <testcase classname="api.test.UserDDTest" name="Module1_TC02_DeleteUserByName" time="0.977"/>
  <testcase classname="api.test.UserModelTest" name="Module2_TC01_CreateUser" time="1.08"/>
  <testcase classname="api.test.UserModelTest" name="Module2_TC02_GetUserName" time="0.963"/>
  <testcase classname="api.test.UserModelTest" name="Module2_TC03_DeleteUserByName" time="0.945">
    <failure type="java.lang.AssertionError" message="expected [200] but found [404]">
      <![CDATA[java.lang.AssertionError: expected [200] but found [404]
at api.utilities.ExtentReportManager.onTestFailure(ExtentReportManager.java:65)
at java.base/java.util.ArrayList.forEach(ArrayList.java:1511)
... Removed 28 stack frames]]>
    </failure>
  </testcase> <!-- Module2_TC03_DeleteUserByName -->
  <testcase classname="api.test.UserModelTest" name="Module2_TC03_DeleteUserByName" time="0.945">
    <failure type="java.lang.AssertionError" message="expected [200] but found [404]">
      <![CDATA[java.lang.AssertionError: expected [200] but found [404]
at api.utilities.ExtentReportManager.onTestFailure(ExtentReportManager.java:65)
at java.base/java.util.ArrayList.forEach(ArrayList.java:1511)
... Removed 28 stack frames]]>
    </failure>
  </testcase> <!-- Module2_TC03_DeleteUserByName -->
  <testcase classname="api.test.UserModelTest" name="Module2_TC03_DeleteUserByName" time="0.965">
    <failure type="java.lang.AssertionError" message="expected [200] but found [404]">
      <![CDATA[java.lang.AssertionError: expected [200] but found [404]
at api.utilities.ExtentReportManager.onTestFailure(ExtentReportManager.java:65)
at java.base/java.util.ArrayList.forEach(ArrayList.java:1511)
... Removed 28 stack frames]]>
    </failure>
  </testcase> <!-- Module2_TC03_DeleteUserByName -->
</testsuite> <!-- PetTest -->
