<?xml version="1.0" encoding="UTF-8"?>
<!-- Generated by org.testng.reporters.JUnitXMLReporter -->
<testsuite ignored="0" hostname="EC2AMAZ-CHIJMME" failures="3" tests="11" name="PetTest" time="16.915" errors="0" timestamp="2024-08-05T10:56:29 UTC">
  <testcase classname="api.test.UserDDTest" name="testPostuser" time="3.493"/>
  <testcase classname="api.test.UserDDTest" name="testPostuser" time="0.978"/>
  <testcase classname="api.test.UserDDTest" name="testPostuser" time="0.975"/>
  <testcase classname="api.test.UserDDTest" name="testDeleteUserByName" time="1.008"/>
  <testcase classname="api.test.UserDDTest" name="testDeleteUserByName" time="0.974"/>
  <testcase classname="api.test.UserDDTest" name="testDeleteUserByName" time="0.972"/>
  <testcase classname="api.test.UserModelTest" name="testCreateUser" time="1.007"/>
  <testcase classname="api.test.UserModelTest" name="testGetUserName" time="0.977"/>
  <testcase classname="api.test.UserModelTest" name="testDeleteUserByName" time="0.977">
    <failure type="java.lang.AssertionError" message="expected [200] but found [404]">
      <![CDATA[java.lang.AssertionError: expected [200] but found [404]
at api.test.UserModelTest.testDeleteUserByName(UserModelTest.java:71)
at java.base/java.util.ArrayList.forEach(ArrayList.java:1511)
... Removed 38 stack frames]]>
    </failure>
  </testcase> <!-- testDeleteUserByName -->
  <testcase classname="api.test.UserModelTest" name="testDeleteUserByName" time="0.962">
    <failure type="java.lang.AssertionError" message="expected [200] but found [404]">
      <![CDATA[java.lang.AssertionError: expected [200] but found [404]
at api.test.UserModelTest.testDeleteUserByName(UserModelTest.java:71)
at java.base/java.util.ArrayList.forEach(ArrayList.java:1511)
... Removed 38 stack frames]]>
    </failure>
  </testcase> <!-- testDeleteUserByName -->
  <testcase classname="api.test.UserModelTest" name="testDeleteUserByName" time="0.989">
    <failure type="java.lang.AssertionError" message="expected [200] but found [404]">
      <![CDATA[java.lang.AssertionError: expected [200] but found [404]
at api.test.UserModelTest.testDeleteUserByName(UserModelTest.java:71)
at java.base/java.util.ArrayList.forEach(ArrayList.java:1511)
... Removed 38 stack frames]]>
    </failure>
  </testcase> <!-- testDeleteUserByName -->
</testsuite> <!-- PetTest -->
